<?xml version="1.0" encoding="UTF-8"?>
<testsuite xmlns:xsi="http://www.w3.org/2001/XMLSchema-instance" xsi:noNamespaceSchemaLocation="https://maven.apache.org/surefire/maven-surefire-plugin/xsd/surefire-test-report.xsd" name="org.apache.directory.scim.server.patch.PatchOperationsUnitTest" time="4.82" tests="27" errors="1" skipped="0" failures="0">
  <properties>
    <property name="gopherProxySet" value="false"/>
    <property name="awt.toolkit" value="sun.lwawt.macosx.LWCToolkit"/>
    <property name="file.encoding.pkg" value="sun.io"/>
    <property name="java.specification.version" value="1.8"/>
    <property name="sun.cpu.isalist" value=""/>
    <property name="sun.jnu.encoding" value="UTF-8"/>
    <property name="java.class.path" value="/Users/paul.tinius/Workspace/Code42/Projects/apache/scim-server/scim-server-patch/target/test-classes:/Users/paul.tinius/Workspace/Code42/Projects/apache/scim-server/scim-server-patch/target/classes:/Users/paul.tinius/.m2/repository/org/apache/directory/scim/scim-spec-schema/2.23-SNAPSHOT/scim-spec-schema-2.23-SNAPSHOT.jar:/Users/paul.tinius/.m2/repository/javax/xml/bind/jaxb-api/2.1/jaxb-api-2.1.jar:/Users/paul.tinius/.m2/repository/javax/xml/stream/stax-api/1.0-2/stax-api-1.0-2.jar:/Users/paul.tinius/.m2/repository/javax/activation/activation/1.1/activation-1.1.jar:/Users/paul.tinius/.m2/repository/javax/validation/validation-api/1.1.0.Final/validation-api-1.1.0.Final.jar:/Users/paul.tinius/.m2/repository/org/slf4j/slf4j-api/1.7.12/slf4j-api-1.7.12.jar:/Users/paul.tinius/.m2/repository/com/fasterxml/jackson/core/jackson-annotations/2.10.1/jackson-annotations-2.10.1.jar:/Users/paul.tinius/.m2/repository/org/antlr/antlr4-runtime/4.5.3/antlr4-runtime-4.5.3.jar:/Users/paul.tinius/.m2/repository/org/apache/commons/commons-lang3/3.7/commons-lang3-3.7.jar:/Users/paul.tinius/.m2/repository/org/apache/directory/scim/scim-spec-protocol/2.23-SNAPSHOT/scim-spec-protocol-2.23-SNAPSHOT.jar:/Users/paul.tinius/.m2/repository/io/swagger/swagger-jaxrs/1.6.0/swagger-jaxrs-1.6.0.jar:/Users/paul.tinius/.m2/repository/io/swagger/swagger-core/1.6.0/swagger-core-1.6.0.jar:/Users/paul.tinius/.m2/repository/com/fasterxml/jackson/dataformat/jackson-dataformat-yaml/2.10.1/jackson-dataformat-yaml-2.10.1.jar:/Users/paul.tinius/.m2/repository/org/yaml/snakeyaml/1.24/snakeyaml-1.24.jar:/Users/paul.tinius/.m2/repository/io/swagger/swagger-models/1.6.0/swagger-models-1.6.0.jar:/Users/paul.tinius/.m2/repository/io/swagger/swagger-annotations/1.6.0/swagger-annotations-1.6.0.jar:/Users/paul.tinius/.m2/repository/org/reflections/reflections/0.9.11/reflections-0.9.11.jar:/Users/paul.tinius/.m2/repository/org/javassist/javassist/3.21.0-GA/javassist-3.21.0-GA.jar:/Users/paul.tinius/.m2/repository/com/google/guava/guava/27.0.1-android/guava-27.0.1-android.jar:/Users/paul.tinius/.m2/repository/com/google/guava/failureaccess/1.0.1/failureaccess-1.0.1.jar:/Users/paul.tinius/.m2/repository/com/google/guava/listenablefuture/9999.0-empty-to-avoid-conflict-with-guava/listenablefuture-9999.0-empty-to-avoid-conflict-with-guava.jar:/Users/paul.tinius/.m2/repository/com/google/code/findbugs/jsr305/3.0.2/jsr305-3.0.2.jar:/Users/paul.tinius/.m2/repository/org/checkerframework/checker-compat-qual/2.5.2/checker-compat-qual-2.5.2.jar:/Users/paul.tinius/.m2/repository/com/google/errorprone/error_prone_annotations/2.2.0/error_prone_annotations-2.2.0.jar:/Users/paul.tinius/.m2/repository/com/google/j2objc/j2objc-annotations/1.1/j2objc-annotations-1.1.jar:/Users/paul.tinius/.m2/repository/org/codehaus/mojo/animal-sniffer-annotations/1.17/animal-sniffer-annotations-1.17.jar:/Users/paul.tinius/.m2/repository/org/apache/directory/scim/scim-common/2.23-SNAPSHOT/scim-common-2.23-SNAPSHOT.jar:/Users/paul.tinius/.m2/repository/org/apache/directory/scim/scim-server-common/2.23-SNAPSHOT/scim-server-common-2.23-SNAPSHOT.jar:/Users/paul.tinius/.m2/repository/com/flipkart/zjsonpatch/zjsonpatch/0.4.4/zjsonpatch-0.4.4.jar:/Users/paul.tinius/.m2/repository/com/fasterxml/jackson/core/jackson-core/2.10.1/jackson-core-2.10.1.jar:/Users/paul.tinius/.m2/repository/com/fasterxml/jackson/jaxrs/jackson-jaxrs-json-provider/2.10.1/jackson-jaxrs-json-provider-2.10.1.jar:/Users/paul.tinius/.m2/repository/com/fasterxml/jackson/jaxrs/jackson-jaxrs-base/2.10.1/jackson-jaxrs-base-2.10.1.jar:/Users/paul.tinius/.m2/repository/com/fasterxml/jackson/module/jackson-module-jaxb-annotations/2.10.1/jackson-module-jaxb-annotations-2.10.1.jar:/Users/paul.tinius/.m2/repository/jakarta/xml/bind/jakarta.xml.bind-api/2.3.2/jakarta.xml.bind-api-2.3.2.jar:/Users/paul.tinius/.m2/repository/jakarta/activation/jakarta.activation-api/1.2.1/jakarta.activation-api-1.2.1.jar:/Users/paul.tinius/.m2/repository/edu/psu/swe/commons/commons-jaxrs/1.40/commons-jaxrs-1.40.jar:/Users/paul.tinius/.m2/repository/javax/mail/javax.mail-api/1.6.0/javax.mail-api-1.6.0.jar:/Users/paul.tinius/.m2/repository/com/fasterxml/jackson/core/jackson-databind/2.10.1/jackson-databind-2.10.1.jar:/Users/paul.tinius/.m2/repository/javax/javaee-api/7.0/javaee-api-7.0.jar:/Users/paul.tinius/.m2/repository/com/sun/mail/javax.mail/1.5.0/javax.mail-1.5.0.jar:/Users/paul.tinius/.m2/repository/commons-net/commons-net/3.6/commons-net-3.6.jar:/Users/paul.tinius/.m2/repository/org/projectlombok/lombok/1.18.10/lombok-1.18.10.jar:/Users/paul.tinius/.m2/repository/org/junit/jupiter/junit-jupiter/5.5.0/junit-jupiter-5.5.0.jar:/Users/paul.tinius/.m2/repository/org/junit/jupiter/junit-jupiter-api/5.5.0/junit-jupiter-api-5.5.0.jar:/Users/paul.tinius/.m2/repository/org/apiguardian/apiguardian-api/1.1.0/apiguardian-api-1.1.0.jar:/Users/paul.tinius/.m2/repository/org/opentest4j/opentest4j/1.2.0/opentest4j-1.2.0.jar:/Users/paul.tinius/.m2/repository/org/junit/platform/junit-platform-commons/1.5.0/junit-platform-commons-1.5.0.jar:/Users/paul.tinius/.m2/repository/org/junit/jupiter/junit-jupiter-params/5.5.0/junit-jupiter-params-5.5.0.jar:/Users/paul.tinius/.m2/repository/org/junit/jupiter/junit-jupiter-engine/5.5.0/junit-jupiter-engine-5.5.0.jar:/Users/paul.tinius/.m2/repository/org/junit/platform/junit-platform-engine/1.5.0/junit-platform-engine-1.5.0.jar:/Users/paul.tinius/.m2/repository/org/jboss/resteasy/resteasy-client/3.0.11.Final/resteasy-client-3.0.11.Final.jar:/Users/paul.tinius/.m2/repository/org/jboss/resteasy/resteasy-jaxrs/3.0.11.Final/resteasy-jaxrs-3.0.11.Final.jar:/Users/paul.tinius/.m2/repository/org/jboss/resteasy/jaxrs-api/3.0.11.Final/jaxrs-api-3.0.11.Final.jar:/Users/paul.tinius/.m2/repository/org/jboss/spec/javax/annotation/jboss-annotations-api_1.1_spec/1.0.1.Final/jboss-annotations-api_1.1_spec-1.0.1.Final.jar:/Users/paul.tinius/.m2/repository/org/apache/httpcomponents/httpclient/4.2.6/httpclient-4.2.6.jar:/Users/paul.tinius/.m2/repository/org/apache/httpcomponents/httpcore/4.2.5/httpcore-4.2.5.jar:/Users/paul.tinius/.m2/repository/commons-logging/commons-logging/1.1.1/commons-logging-1.1.1.jar:/Users/paul.tinius/.m2/repository/commons-codec/commons-codec/1.6/commons-codec-1.6.jar:/Users/paul.tinius/.m2/repository/commons-io/commons-io/2.1/commons-io-2.1.jar:/Users/paul.tinius/.m2/repository/net/jcip/jcip-annotations/1.0/jcip-annotations-1.0.jar:/Users/paul.tinius/.m2/repository/org/jboss/resteasy/resteasy-jackson-provider/3.0.11.Final/resteasy-jackson-provider-3.0.11.Final.jar:/Users/paul.tinius/.m2/repository/org/codehaus/jackson/jackson-core-asl/1.9.12/jackson-core-asl-1.9.12.jar:/Users/paul.tinius/.m2/repository/org/codehaus/jackson/jackson-mapper-asl/1.9.12/jackson-mapper-asl-1.9.12.jar:/Users/paul.tinius/.m2/repository/org/codehaus/jackson/jackson-jaxrs/1.9.12/jackson-jaxrs-1.9.12.jar:/Users/paul.tinius/.m2/repository/org/codehaus/jackson/jackson-xc/1.9.12/jackson-xc-1.9.12.jar:/Users/paul.tinius/.m2/repository/org/mockito/mockito-core/2.21.0/mockito-core-2.21.0.jar:/Users/paul.tinius/.m2/repository/net/bytebuddy/byte-buddy/1.8.15/byte-buddy-1.8.15.jar:/Users/paul.tinius/.m2/repository/net/bytebuddy/byte-buddy-agent/1.8.15/byte-buddy-agent-1.8.15.jar:/Users/paul.tinius/.m2/repository/org/objenesis/objenesis/2.6/objenesis-2.6.jar:/Users/paul.tinius/.m2/repository/org/mockito/mockito-junit-jupiter/2.21.0/mockito-junit-jupiter-2.21.0.jar:/Users/paul.tinius/.m2/repository/org/assertj/assertj-core/3.3.0/assertj-core-3.3.0.jar:/Users/paul.tinius/.m2/repository/org/slf4j/slf4j-simple/1.7.12/slf4j-simple-1.7.12.jar:/Users/paul.tinius/.m2/repository/com/github/javafaker/javafaker/1.0.2/javafaker-1.0.2.jar:/Users/paul.tinius/.m2/repository/org/yaml/snakeyaml/1.23/snakeyaml-1.23-android.jar:/Users/paul.tinius/.m2/repository/com/github/mifmif/generex/1.0.2/generex-1.0.2.jar:/Users/paul.tinius/.m2/repository/dk/brics/automaton/automaton/1.11-8/automaton-1.11-8.jar:"/>
    <property name="java.vm.vendor" value="AdoptOpenJDK"/>
    <property name="sun.arch.data.model" value="64"/>
    <property name="java.vendor.url" value="https://adoptopenjdk.net/"/>
    <property name="user.timezone" value=""/>
    <property name="java.vm.specification.version" value="1.8"/>
    <property name="os.name" value="Mac OS X"/>
    <property name="user.country" value="US"/>
    <property name="sun.java.launcher" value="SUN_STANDARD"/>
    <property name="sun.boot.library.path" value="/Users/paul.tinius/.sdkman/candidates/java/8.0.282.hs-adpt/jre/lib"/>
    <property name="sun.java.command" value="/Users/paul.tinius/Workspace/Code42/Projects/apache/scim-server/scim-server-patch/target/surefire/surefirebooter7268005780731276203.jar /Users/paul.tinius/Workspace/Code42/Projects/apache/scim-server/scim-server-patch/target/surefire 2021-08-03T14-10-58_469-jvmRun1 surefire7873097702889342905tmp surefire_07751771509950375508tmp"/>
    <property name="http.nonProxyHosts" value="local|*.local|169.254/16|*.169.254/16"/>
    <property name="surefire.test.class.path" value="/Users/paul.tinius/Workspace/Code42/Projects/apache/scim-server/scim-server-patch/target/test-classes:/Users/paul.tinius/Workspace/Code42/Projects/apache/scim-server/scim-server-patch/target/classes:/Users/paul.tinius/.m2/repository/org/apache/directory/scim/scim-spec-schema/2.23-SNAPSHOT/scim-spec-schema-2.23-SNAPSHOT.jar:/Users/paul.tinius/.m2/repository/javax/xml/bind/jaxb-api/2.1/jaxb-api-2.1.jar:/Users/paul.tinius/.m2/repository/javax/xml/stream/stax-api/1.0-2/stax-api-1.0-2.jar:/Users/paul.tinius/.m2/repository/javax/activation/activation/1.1/activation-1.1.jar:/Users/paul.tinius/.m2/repository/javax/validation/validation-api/1.1.0.Final/validation-api-1.1.0.Final.jar:/Users/paul.tinius/.m2/repository/org/slf4j/slf4j-api/1.7.12/slf4j-api-1.7.12.jar:/Users/paul.tinius/.m2/repository/com/fasterxml/jackson/core/jackson-annotations/2.10.1/jackson-annotations-2.10.1.jar:/Users/paul.tinius/.m2/repository/org/antlr/antlr4-runtime/4.5.3/antlr4-runtime-4.5.3.jar:/Users/paul.tinius/.m2/repository/org/apache/commons/commons-lang3/3.7/commons-lang3-3.7.jar:/Users/paul.tinius/.m2/repository/org/apache/directory/scim/scim-spec-protocol/2.23-SNAPSHOT/scim-spec-protocol-2.23-SNAPSHOT.jar:/Users/paul.tinius/.m2/repository/io/swagger/swagger-jaxrs/1.6.0/swagger-jaxrs-1.6.0.jar:/Users/paul.tinius/.m2/repository/io/swagger/swagger-core/1.6.0/swagger-core-1.6.0.jar:/Users/paul.tinius/.m2/repository/com/fasterxml/jackson/dataformat/jackson-dataformat-yaml/2.10.1/jackson-dataformat-yaml-2.10.1.jar:/Users/paul.tinius/.m2/repository/org/yaml/snakeyaml/1.24/snakeyaml-1.24.jar:/Users/paul.tinius/.m2/repository/io/swagger/swagger-models/1.6.0/swagger-models-1.6.0.jar:/Users/paul.tinius/.m2/repository/io/swagger/swagger-annotations/1.6.0/swagger-annotations-1.6.0.jar:/Users/paul.tinius/.m2/repository/org/reflections/reflections/0.9.11/reflections-0.9.11.jar:/Users/paul.tinius/.m2/repository/org/javassist/javassist/3.21.0-GA/javassist-3.21.0-GA.jar:/Users/paul.tinius/.m2/repository/com/google/guava/guava/27.0.1-android/guava-27.0.1-android.jar:/Users/paul.tinius/.m2/repository/com/google/guava/failureaccess/1.0.1/failureaccess-1.0.1.jar:/Users/paul.tinius/.m2/repository/com/google/guava/listenablefuture/9999.0-empty-to-avoid-conflict-with-guava/listenablefuture-9999.0-empty-to-avoid-conflict-with-guava.jar:/Users/paul.tinius/.m2/repository/com/google/code/findbugs/jsr305/3.0.2/jsr305-3.0.2.jar:/Users/paul.tinius/.m2/repository/org/checkerframework/checker-compat-qual/2.5.2/checker-compat-qual-2.5.2.jar:/Users/paul.tinius/.m2/repository/com/google/errorprone/error_prone_annotations/2.2.0/error_prone_annotations-2.2.0.jar:/Users/paul.tinius/.m2/repository/com/google/j2objc/j2objc-annotations/1.1/j2objc-annotations-1.1.jar:/Users/paul.tinius/.m2/repository/org/codehaus/mojo/animal-sniffer-annotations/1.17/animal-sniffer-annotations-1.17.jar:/Users/paul.tinius/.m2/repository/org/apache/directory/scim/scim-common/2.23-SNAPSHOT/scim-common-2.23-SNAPSHOT.jar:/Users/paul.tinius/.m2/repository/org/apache/directory/scim/scim-server-common/2.23-SNAPSHOT/scim-server-common-2.23-SNAPSHOT.jar:/Users/paul.tinius/.m2/repository/com/flipkart/zjsonpatch/zjsonpatch/0.4.4/zjsonpatch-0.4.4.jar:/Users/paul.tinius/.m2/repository/com/fasterxml/jackson/core/jackson-core/2.10.1/jackson-core-2.10.1.jar:/Users/paul.tinius/.m2/repository/com/fasterxml/jackson/jaxrs/jackson-jaxrs-json-provider/2.10.1/jackson-jaxrs-json-provider-2.10.1.jar:/Users/paul.tinius/.m2/repository/com/fasterxml/jackson/jaxrs/jackson-jaxrs-base/2.10.1/jackson-jaxrs-base-2.10.1.jar:/Users/paul.tinius/.m2/repository/com/fasterxml/jackson/module/jackson-module-jaxb-annotations/2.10.1/jackson-module-jaxb-annotations-2.10.1.jar:/Users/paul.tinius/.m2/repository/jakarta/xml/bind/jakarta.xml.bind-api/2.3.2/jakarta.xml.bind-api-2.3.2.jar:/Users/paul.tinius/.m2/repository/jakarta/activation/jakarta.activation-api/1.2.1/jakarta.activation-api-1.2.1.jar:/Users/paul.tinius/.m2/repository/edu/psu/swe/commons/commons-jaxrs/1.40/commons-jaxrs-1.40.jar:/Users/paul.tinius/.m2/repository/javax/mail/javax.mail-api/1.6.0/javax.mail-api-1.6.0.jar:/Users/paul.tinius/.m2/repository/com/fasterxml/jackson/core/jackson-databind/2.10.1/jackson-databind-2.10.1.jar:/Users/paul.tinius/.m2/repository/javax/javaee-api/7.0/javaee-api-7.0.jar:/Users/paul.tinius/.m2/repository/com/sun/mail/javax.mail/1.5.0/javax.mail-1.5.0.jar:/Users/paul.tinius/.m2/repository/commons-net/commons-net/3.6/commons-net-3.6.jar:/Users/paul.tinius/.m2/repository/org/projectlombok/lombok/1.18.10/lombok-1.18.10.jar:/Users/paul.tinius/.m2/repository/org/junit/jupiter/junit-jupiter/5.5.0/junit-jupiter-5.5.0.jar:/Users/paul.tinius/.m2/repository/org/junit/jupiter/junit-jupiter-api/5.5.0/junit-jupiter-api-5.5.0.jar:/Users/paul.tinius/.m2/repository/org/apiguardian/apiguardian-api/1.1.0/apiguardian-api-1.1.0.jar:/Users/paul.tinius/.m2/repository/org/opentest4j/opentest4j/1.2.0/opentest4j-1.2.0.jar:/Users/paul.tinius/.m2/repository/org/junit/platform/junit-platform-commons/1.5.0/junit-platform-commons-1.5.0.jar:/Users/paul.tinius/.m2/repository/org/junit/jupiter/junit-jupiter-params/5.5.0/junit-jupiter-params-5.5.0.jar:/Users/paul.tinius/.m2/repository/org/junit/jupiter/junit-jupiter-engine/5.5.0/junit-jupiter-engine-5.5.0.jar:/Users/paul.tinius/.m2/repository/org/junit/platform/junit-platform-engine/1.5.0/junit-platform-engine-1.5.0.jar:/Users/paul.tinius/.m2/repository/org/jboss/resteasy/resteasy-client/3.0.11.Final/resteasy-client-3.0.11.Final.jar:/Users/paul.tinius/.m2/repository/org/jboss/resteasy/resteasy-jaxrs/3.0.11.Final/resteasy-jaxrs-3.0.11.Final.jar:/Users/paul.tinius/.m2/repository/org/jboss/resteasy/jaxrs-api/3.0.11.Final/jaxrs-api-3.0.11.Final.jar:/Users/paul.tinius/.m2/repository/org/jboss/spec/javax/annotation/jboss-annotations-api_1.1_spec/1.0.1.Final/jboss-annotations-api_1.1_spec-1.0.1.Final.jar:/Users/paul.tinius/.m2/repository/org/apache/httpcomponents/httpclient/4.2.6/httpclient-4.2.6.jar:/Users/paul.tinius/.m2/repository/org/apache/httpcomponents/httpcore/4.2.5/httpcore-4.2.5.jar:/Users/paul.tinius/.m2/repository/commons-logging/commons-logging/1.1.1/commons-logging-1.1.1.jar:/Users/paul.tinius/.m2/repository/commons-codec/commons-codec/1.6/commons-codec-1.6.jar:/Users/paul.tinius/.m2/repository/commons-io/commons-io/2.1/commons-io-2.1.jar:/Users/paul.tinius/.m2/repository/net/jcip/jcip-annotations/1.0/jcip-annotations-1.0.jar:/Users/paul.tinius/.m2/repository/org/jboss/resteasy/resteasy-jackson-provider/3.0.11.Final/resteasy-jackson-provider-3.0.11.Final.jar:/Users/paul.tinius/.m2/repository/org/codehaus/jackson/jackson-core-asl/1.9.12/jackson-core-asl-1.9.12.jar:/Users/paul.tinius/.m2/repository/org/codehaus/jackson/jackson-mapper-asl/1.9.12/jackson-mapper-asl-1.9.12.jar:/Users/paul.tinius/.m2/repository/org/codehaus/jackson/jackson-jaxrs/1.9.12/jackson-jaxrs-1.9.12.jar:/Users/paul.tinius/.m2/repository/org/codehaus/jackson/jackson-xc/1.9.12/jackson-xc-1.9.12.jar:/Users/paul.tinius/.m2/repository/org/mockito/mockito-core/2.21.0/mockito-core-2.21.0.jar:/Users/paul.tinius/.m2/repository/net/bytebuddy/byte-buddy/1.8.15/byte-buddy-1.8.15.jar:/Users/paul.tinius/.m2/repository/net/bytebuddy/byte-buddy-agent/1.8.15/byte-buddy-agent-1.8.15.jar:/Users/paul.tinius/.m2/repository/org/objenesis/objenesis/2.6/objenesis-2.6.jar:/Users/paul.tinius/.m2/repository/org/mockito/mockito-junit-jupiter/2.21.0/mockito-junit-jupiter-2.21.0.jar:/Users/paul.tinius/.m2/repository/org/assertj/assertj-core/3.3.0/assertj-core-3.3.0.jar:/Users/paul.tinius/.m2/repository/org/slf4j/slf4j-simple/1.7.12/slf4j-simple-1.7.12.jar:/Users/paul.tinius/.m2/repository/com/github/javafaker/javafaker/1.0.2/javafaker-1.0.2.jar:/Users/paul.tinius/.m2/repository/org/yaml/snakeyaml/1.23/snakeyaml-1.23-android.jar:/Users/paul.tinius/.m2/repository/com/github/mifmif/generex/1.0.2/generex-1.0.2.jar:/Users/paul.tinius/.m2/repository/dk/brics/automaton/automaton/1.11-8/automaton-1.11-8.jar:"/>
    <property name="sun.cpu.endian" value="little"/>
    <property name="user.home" value="/Users/paul.tinius"/>
    <property name="user.language" value="en"/>
    <property name="java.specification.vendor" value="Oracle Corporation"/>
    <property name="java.home" value="/Users/paul.tinius/.sdkman/candidates/java/8.0.282.hs-adpt/jre"/>
    <property name="basedir" value="/Users/paul.tinius/Workspace/Code42/Projects/apache/scim-server/scim-server-patch"/>
    <property name="file.separator" value="/"/>
    <property name="line.separator" value="&#10;"/>
    <property name="java.vm.specification.vendor" value="Oracle Corporation"/>
    <property name="java.specification.name" value="Java Platform API Specification"/>
    <property name="java.awt.graphicsenv" value="sun.awt.CGraphicsEnvironment"/>
    <property name="surefire.real.class.path" value="/Users/paul.tinius/Workspace/Code42/Projects/apache/scim-server/scim-server-patch/target/surefire/surefirebooter7268005780731276203.jar:/Users/paul.tinius/.m2/repository/org/jacoco/org.jacoco.agent/0.8.5/org.jacoco.agent-0.8.5-runtime.jar"/>
    <property name="sun.boot.class.path" value="/Users/paul.tinius/.sdkman/candidates/java/8.0.282.hs-adpt/jre/lib/resources.jar:/Users/paul.tinius/.sdkman/candidates/java/8.0.282.hs-adpt/jre/lib/rt.jar:/Users/paul.tinius/.sdkman/candidates/java/8.0.282.hs-adpt/jre/lib/sunrsasign.jar:/Users/paul.tinius/.sdkman/candidates/java/8.0.282.hs-adpt/jre/lib/jsse.jar:/Users/paul.tinius/.sdkman/candidates/java/8.0.282.hs-adpt/jre/lib/jce.jar:/Users/paul.tinius/.sdkman/candidates/java/8.0.282.hs-adpt/jre/lib/charsets.jar:/Users/paul.tinius/.sdkman/candidates/java/8.0.282.hs-adpt/jre/lib/jfr.jar:/Users/paul.tinius/.sdkman/candidates/java/8.0.282.hs-adpt/jre/classes"/>
    <property name="sun.management.compiler" value="HotSpot 64-Bit Tiered Compilers"/>
    <property name="ftp.nonProxyHosts" value="local|*.local|169.254/16|*.169.254/16"/>
    <property name="java.runtime.version" value="1.8.0_282-b08"/>
    <property name="user.name" value="paul.tinius"/>
    <property name="path.separator" value=":"/>
    <property name="os.version" value="10.16"/>
    <property name="java.endorsed.dirs" value="/Users/paul.tinius/.sdkman/candidates/java/8.0.282.hs-adpt/jre/lib/endorsed"/>
    <property name="java.runtime.name" value="OpenJDK Runtime Environment"/>
    <property name="file.encoding" value="UTF-8"/>
    <property name="java.vm.name" value="OpenJDK 64-Bit Server VM"/>
    <property name="localRepository" value="/Users/paul.tinius/.m2/repository"/>
    <property name="java.vendor.url.bug" value="https://github.com/AdoptOpenJDK/openjdk-support/issues"/>
    <property name="java.io.tmpdir" value="/var/folders/hl/68ls2qfj65v4y71hbq5p17940000gp/T/"/>
    <property name="java.version" value="1.8.0_282"/>
    <property name="user.dir" value="/Users/paul.tinius/Workspace/Code42/Projects/apache/scim-server/scim-server-patch"/>
    <property name="os.arch" value="x86_64"/>
    <property name="java.vm.specification.name" value="Java Virtual Machine Specification"/>
    <property name="java.awt.printerjob" value="sun.lwawt.macosx.CPrinterJob"/>
    <property name="sun.os.patch.level" value="unknown"/>
    <property name="java.library.path" value="/Users/paul.tinius/Library/Java/Extensions:/Library/Java/Extensions:/Network/Library/Java/Extensions:/System/Library/Java/Extensions:/usr/lib/java:."/>
    <property name="java.vm.info" value="mixed mode"/>
    <property name="java.vendor" value="AdoptOpenJDK"/>
    <property name="java.vm.version" value="25.282-b08"/>
    <property name="java.ext.dirs" value="/Users/paul.tinius/Library/Java/Extensions:/Users/paul.tinius/.sdkman/candidates/java/8.0.282.hs-adpt/jre/lib/ext:/Library/Java/Extensions:/Network/Library/Java/Extensions:/System/Library/Java/Extensions:/usr/lib/java"/>
    <property name="sun.io.unicode.encoding" value="UnicodeBig"/>
    <property name="java.class.version" value="52.0"/>
    <property name="socksNonProxyHosts" value="local|*.local|169.254/16|*.169.254/16"/>
  </properties>
  <testcase name="apply_targetLocationSpecifiesMultiValuedNoFilter_successfullyPatched{PatchArgs}[1]" classname="org.apache.directory.scim.server.patch.PatchOperationsUnitTest" time="0.544">
    <error type="org.apache.directory.scim.spec.protocol.exception.ScimException">org.apache.directory.scim.spec.protocol.exception.ScimException
	at org.apache.directory.scim.server.patch.PatchOperationsUnitTest.applyPatch(PatchOperationsUnitTest.java:424)
	at org.apache.directory.scim.server.patch.PatchOperationsUnitTest.apply_targetLocationSpecifiesMultiValuedNoFilter_successfullyPatched(PatchOperationsUnitTest.java:282)
</error>
    <system-err><![CDATA[[main] INFO org.apache.directory.scim.test.ScimTestHelper - Creating SCIM Registry took 1586 ms  to process
[main] INFO org.apache.directory.scim.server.patch.PatchOperations - Applying Patch Operation 'REPLACE' for attribute 'addresses'
[main] INFO org.apache.directory.scim.server.patch.PatchOperations - Multi-Valued Attribute: addresses Sub-Attribute: <none> isMultiValued: true Type: COMPLEX
[main] INFO org.apache.directory.scim.server.patch.PatchOperations - Processed REPLACE Patch operation for attribute addresses took 258 ms to process
[main] INFO org.apache.directory.scim.server.patch.PatchOperations - Processed 1 Patch operation(s) in 293 ms.
]]></system-err>
  </testcase>
  <testcase name="apply_targetLocationSpecifiesComplexAttribute_successfullyPatched{PatchArgs}[1]" classname="org.apache.directory.scim.server.patch.PatchOperationsUnitTest" time="0.162"/>
  <testcase name="apply_targetLocationSpecifiesComplexAttribute_successfullyPatched{PatchArgs}[2]" classname="org.apache.directory.scim.server.patch.PatchOperationsUnitTest" time="0.021"/>
  <testcase name="apply_multipleMultiValuedPrimaryEqualToTrue_onlyOnePrimaryEqualToTrue[1]" classname="org.apache.directory.scim.server.patch.PatchOperationsUnitTest" time="0.143"/>
  <testcase name="apply_multipleMultiValuedPrimaryEqualToTrue_onlyOnePrimaryEqualToTrue[2]" classname="org.apache.directory.scim.server.patch.PatchOperationsUnitTest" time="0.041"/>
  <testcase name="apply_noTargetFilterNoMatch_throwsScimException{Type}[1]" classname="org.apache.directory.scim.server.patch.PatchOperationsUnitTest" time="0.012"/>
  <testcase name="apply_targetLocationDoesNotExists_successfullyPatched{PatchArgs}[1]" classname="org.apache.directory.scim.server.patch.PatchOperationsUnitTest" time="0.012"/>
  <testcase name="apply_targetLocationDoesNotExists_successfullyPatched{PatchArgs}[2]" classname="org.apache.directory.scim.server.patch.PatchOperationsUnitTest" time="0.017"/>
  <testcase name="apply_targetLocationDoesNotExists_successfullyPatched{PatchArgs}[3]" classname="org.apache.directory.scim.server.patch.PatchOperationsUnitTest" time="0.017"/>
  <testcase name="apply_targetLocationDoesNotExists_successfullyPatched{PatchArgs}[4]" classname="org.apache.directory.scim.server.patch.PatchOperationsUnitTest" time="0.018"/>
  <testcase name="apply_targetLocationDoesNotExists_successfullyPatched{PatchArgs}[5]" classname="org.apache.directory.scim.server.patch.PatchOperationsUnitTest" time="0.018"/>
  <testcase name="apply_targetLocationDoesNotExists_successfullyPatched{PatchArgs}[6]" classname="org.apache.directory.scim.server.patch.PatchOperationsUnitTest" time="0.293"/>
  <testcase name="apply_targetLocationDoesNotExists_successfullyPatched{PatchArgs}[7]" classname="org.apache.directory.scim.server.patch.PatchOperationsUnitTest" time="0.015"/>
  <testcase name="apply_targetLocationDoesNotExists_successfullyPatched{PatchArgs}[8]" classname="org.apache.directory.scim.server.patch.PatchOperationsUnitTest" time="0.014"/>
  <testcase name="apply_targetLocationDoesNotExists_successfullyPatched{PatchArgs}[9]" classname="org.apache.directory.scim.server.patch.PatchOperationsUnitTest" time="0.014"/>
  <testcase name="apply_targetLocationDoesNotExists_successfullyPatched{PatchArgs}[10]" classname="org.apache.directory.scim.server.patch.PatchOperationsUnitTest" time="0.015"/>
  <testcase name="apply_invalidPath_throwsScimException{Type}[1]" classname="org.apache.directory.scim.server.patch.PatchOperationsUnitTest" time="0.009"/>
  <testcase name="apply_invalidPath_throwsScimException{Type}[2]" classname="org.apache.directory.scim.server.patch.PatchOperationsUnitTest" time="0.01"/>
  <testcase name="apply_invalidPath_throwsScimException{Type}[3]" classname="org.apache.directory.scim.server.patch.PatchOperationsUnitTest" time="0.012"/>
  <testcase name="apply_noTargetNotSpecified_throwsScimException{Type}[1]" classname="org.apache.directory.scim.server.patch.PatchOperationsUnitTest" time="0.004"/>
  <testcase name="apply_omittedTargetLocation_successfullyPatched{PatchArgs}[1]" classname="org.apache.directory.scim.server.patch.PatchOperationsUnitTest" time="0.013"/>
  <testcase name="apply_omittedTargetLocation_successfullyPatched{PatchArgs}[2]" classname="org.apache.directory.scim.server.patch.PatchOperationsUnitTest" time="0.009"/>
  <testcase name="apply_invalidSyntax_throwsScimException" classname="org.apache.directory.scim.server.patch.PatchOperationsUnitTest" time="0"/>
  <testcase name="apply_targetLocationSpecifiesMultiValuedComplexAttribute_successfullyPatched{PatchArgs}[1]" classname="org.apache.directory.scim.server.patch.PatchOperationsUnitTest" time="0.011"/>
  <testcase name="apply_invalidScimResource_throwsScimException{Type}[1]" classname="org.apache.directory.scim.server.patch.PatchOperationsUnitTest" time="0"/>
  <testcase name="apply_invalidScimResource_throwsScimException{Type}[2]" classname="org.apache.directory.scim.server.patch.PatchOperationsUnitTest" time="0"/>
  <testcase name="apply_invalidScimResource_throwsScimException{Type}[3]" classname="org.apache.directory.scim.server.patch.PatchOperationsUnitTest" time="0"/>
</testsuite>